<?xml version="1.0" encoding="UTF-8"?>
<testsuite name="io.github.sejoung.sealed.ex01.VehicleTest" tests="1" skipped="0" failures="0" errors="0" timestamp="2020-12-03T06:31:07" hostname="sanaesdevui-MacBookPro.local" time="0.016">
  <properties/>
  <testcase name="reflection()" classname="io.github.sejoung.sealed.ex01.VehicleTest" time="0.016"/>
  <system-out><![CDATA[]]></system-out>
  <system-err><![CDATA[]]></system-err>
</testsuite>
