<?xml version="1.0" encoding="UTF-8"?>
<testsuite name="io.github.sejoung.record.norecord.PersonTest" tests="4" skipped="0" failures="0" errors="0" timestamp="2020-12-03T07:07:58" hostname="sanaesdevui-MacBookPro.local" time="0.032">
  <properties/>
  <testcase name="getterTest()" classname="io.github.sejoung.record.norecord.PersonTest" time="0.021"/>
  <testcase name="equalsTest()" classname="io.github.sejoung.record.norecord.PersonTest" time="0.001"/>
  <testcase name="toStringTest()" classname="io.github.sejoung.record.norecord.PersonTest" time="0.007"/>
  <testcase name="hashCodeTest()" classname="io.github.sejoung.record.norecord.PersonTest" time="0.001"/>
  <system-out><![CDATA[]]></system-out>
  <system-err><![CDATA[]]></system-err>
</testsuite>
